<?xml version="1.0" encoding="UTF-8"?>
<!-- Generated by org.testng.reporters.JUnitReportReporter -->
<testsuite hostname="DESKTOP-T5380G9" failures="0" tests="3" name="TestNG.DataProviderEx1" time="0.009" errors="0" timestamp="2024-12-11T12:24:08 IST" skipped="0">
  <testcase classname="TestNG.DataProviderEx1" name="bookTickets" time="0.005"/>
  <system-out/>
  <testcase classname="TestNG.DataProviderEx1" name="bookTickets" time="0.003"/>
  <system-out/>
  <testcase classname="TestNG.DataProviderEx1" name="bookTickets" time="0.001"/>
  <system-out/>
</testsuite> <!-- TestNG.DataProviderEx1 -->
