<?xml version="1.0" encoding="UTF-8"?>
<!-- Generated by org.testng.reporters.JUnitReportReporter -->
<testsuite hostname="DESKTOP-T5380G9" failures="0" tests="1" name="TestNG.SoftAssertEx" time="0.014" errors="0" timestamp="2024-12-07T11:50:22 IST" skipped="0">
  <testcase classname="TestNG.SoftAssertEx" name="m1" time="0.014"/>
  <system-out/>
</testsuite> <!-- TestNG.SoftAssertEx -->
