<?xml version="1.0" encoding="UTF-8"?>
<!-- Generated by org.testng.reporters.JUnitReportReporter -->
<testsuite hostname="DESKTOP-T5380G9" failures="0" tests="2" name="TestNG.SampleTest" time="11.257" errors="0" timestamp="2024-12-12T11:37:19 IST" skipped="0">
  <testcase classname="TestNG.SampleTest" name="m2" time="5.806"/>
  <system-out/>
  <testcase classname="TestNG.SampleTest" name="m1" time="5.451"/>
  <system-out/>
</testsuite> <!-- TestNG.SampleTest -->
