<?xml version="1.0" encoding="UTF-8"?>
<!-- Generated by org.testng.reporters.JUnitReportReporter -->
<testsuite hostname="DESKTOP-T5380G9" failures="0" tests="3" name="TestNG.Script2TestPriority" time="0.026" errors="0" timestamp="2024-11-29T12:16:13 IST" skipped="0">
  <testcase classname="TestNG.Script2TestPriority" name="deleteProduct" time="0.014"/>
  <testcase classname="TestNG.Script2TestPriority" name="createProduct" time="0.006"/>
  <testcase classname="TestNG.Script2TestPriority" name="modifyProduct" time="0.006"/>
</testsuite> <!-- TestNG.Script2TestPriority -->
