<?xml version="1.0" encoding="UTF-8"?>
<!-- Generated by org.testng.reporters.JUnitReportReporter -->
<testsuite hostname="DESKTOP-T5380G9" failures="0" tests="3" name="TestNG.ScriptTestusingDependsOnMethod" time="0.014" errors="0" timestamp="2024-11-29T12:31:14 IST" skipped="0">
  <testcase classname="TestNG.ScriptTestusingDependsOnMethod" name="createProduct" time="0.012"/>
  <testcase classname="TestNG.ScriptTestusingDependsOnMethod" name="deleteProduct" time="0.002"/>
  <testcase classname="TestNG.ScriptTestusingDependsOnMethod" name="modifyProduct" time="0.000"/>
</testsuite> <!-- TestNG.ScriptTestusingDependsOnMethod -->
