<?xml version="1.0" encoding="UTF-8"?>
<!-- Generated by org.testng.reporters.JUnitReportReporter -->
<testsuite hostname="DESKTOP-T5380G9" failures="0" tests="4" name="TestNG.DataProviderEx3" time="50.872" errors="0" timestamp="2024-12-02T11:38:23 IST" skipped="0">
  <testcase classname="TestNG.DataProviderEx3" name="createOrganization" time="12.427"/>
  <testcase classname="TestNG.DataProviderEx3" name="createOrganization" time="12.515"/>
  <testcase classname="TestNG.DataProviderEx3" name="createOrganization" time="12.966"/>
  <testcase classname="TestNG.DataProviderEx3" name="createOrganization" time="12.964"/>
</testsuite> <!-- TestNG.DataProviderEx3 -->
