<?xml version="1.0" encoding="UTF-8"?>
<!-- Generated by org.testng.reporters.JUnitReportReporter -->
<testsuite hostname="DESKTOP-T5380G9" failures="0" tests="3" name="TestNG.DataProviderEx2" time="43.190" errors="0" timestamp="2024-12-11T12:23:45 IST" skipped="0">
  <testcase classname="TestNG.DataProviderEx2" name="createOrganization" time="16.922"/>
  <system-out/>
  <testcase classname="TestNG.DataProviderEx2" name="createOrganization" time="13.171"/>
  <system-out/>
  <testcase classname="TestNG.DataProviderEx2" name="createOrganization" time="13.097"/>
  <system-out/>
</testsuite> <!-- TestNG.DataProviderEx2 -->
