<?xml version="1.0" encoding="UTF-8"?>
<!-- Generated by org.testng.reporters.JUnitReportReporter -->
<testsuite hostname="DESKTOP-T5380G9" failures="0" tests="4" name="TestNG.TestScriptUsingInvocationCount" time="0.018" errors="0" timestamp="2024-11-29T12:33:56 IST" skipped="0">
  <testcase classname="TestNG.TestScriptUsingInvocationCount" name="modifyProduct" time="0.002"/>
  <testcase classname="TestNG.TestScriptUsingInvocationCount" name="deleteProduct" time="0.001"/>
  <testcase classname="TestNG.TestScriptUsingInvocationCount" name="modifyProduct" time="0.002"/>
  <testcase classname="TestNG.TestScriptUsingInvocationCount" name="createProduct" time="0.013"/>
</testsuite> <!-- TestNG.TestScriptUsingInvocationCount -->
