<?xml version="1.0" encoding="UTF-8"?>
<!-- Generated by org.testng.reporters.JUnitReportReporter -->
<testsuite hostname="DESKTOP-T5380G9" failures="0" tests="1" name="Campaign.CreateCampaignWithProductTest" time="36.167" errors="0" timestamp="2024-12-16T12:28:41 IST" skipped="0">
  <testcase classname="Campaign.CreateCampaignWithProductTest" name="createCampaignWithProductTest" time="36.167"/>
  <system-out/>
</testsuite> <!-- Campaign.CreateCampaignWithProductTest -->
