<?xml version="1.0" encoding="UTF-8"?>
<!-- Generated by org.testng.reporters.JUnitReportReporter -->
<testsuite hostname="DESKTOP-T5380G9" failures="0" tests="3" name="TestNG.Script1Test" time="0.014" errors="0" timestamp="2024-11-29T12:04:17 IST" skipped="0">
  <testcase classname="TestNG.Script1Test" name="modifyProduct" time="0.002"/>
  <testcase classname="TestNG.Script1Test" name="deleteProduct" time="0.001"/>
  <testcase classname="TestNG.Script1Test" name="createProduct" time="0.011"/>
</testsuite> <!-- TestNG.Script1Test -->
