<?xml version="1.0" encoding="UTF-8"?>
<!-- Generated by org.testng.reporters.JUnitReportReporter -->
<testsuite hostname="DESKTOP-T5380G9" failures="0" tests="1" name="Product.CreateProductAndDeleteProductTest" time="17.766" errors="0" timestamp="2024-12-16T12:14:23 IST" skipped="0">
  <testcase classname="Product.CreateProductAndDeleteProductTest" name="createProductAndDeleteProductTest" time="17.766"/>
  <system-out/>
</testsuite> <!-- Product.CreateProductAndDeleteProductTest -->
