<?xml version="1.0" encoding="UTF-8"?>
<!-- Generated by org.testng.reporters.JUnitReportReporter -->
<testsuite hostname="DESKTOP-T5380G9" failures="0" tests="6" name="TestNG.ScriptTestUsingInvocationCount" time="0.019" errors="0" timestamp="2024-11-29T12:46:03 IST" skipped="0">
  <testcase classname="TestNG.ScriptTestUsingInvocationCount" name="modifyProductTest" time="0.001"/>
  <testcase classname="TestNG.ScriptTestUsingInvocationCount" name="modifyProductTest" time="0.013"/>
  <testcase classname="TestNG.ScriptTestUsingInvocationCount" name="createProductTest" time="0.001"/>
  <testcase classname="TestNG.ScriptTestUsingInvocationCount" name="createProductTest" time="0.002"/>
  <testcase classname="TestNG.ScriptTestUsingInvocationCount" name="deleteProductTest" time="0.001"/>
  <testcase classname="TestNG.ScriptTestUsingInvocationCount" name="createProductTest" time="0.001"/>
</testsuite> <!-- TestNG.ScriptTestUsingInvocationCount -->
