<?xml version="1.0" encoding="UTF-8"?>
<!-- Generated by org.testng.reporters.JUnitReportReporter -->
<testsuite hostname="DESKTOP-T5380G9" failures="0" tests="3" name="TestNG.ScriptTestUsingEnabled" time="0.015" errors="0" timestamp="2024-11-29T12:31:42 IST" skipped="1">
  <testcase classname="TestNG.ScriptTestUsingEnabled" name="createProduct" time="0.013"/>
  <testcase classname="TestNG.ScriptTestUsingEnabled" name="modifyProduct" time="0.002"/>
  <testcase classname="TestNG.ScriptTestUsingEnabled" name="deleteProduct">
    <skipped/>
  </testcase> <!-- deleteProduct -->
</testsuite> <!-- TestNG.ScriptTestUsingEnabled -->
