<?xml version="1.0" encoding="UTF-8"?>
<!-- Generated by org.testng.reporters.JUnitReportReporter -->
<testsuite hostname="DESKTOP-T5380G9" failures="0" tests="1" name="Campaign.CreateCampaignTest" time="16.932" errors="0" timestamp="2024-12-17T11:20:38 IST" skipped="0">
  <testcase classname="Campaign.CreateCampaignTest" name="createCampaignTest" time="16.932"/>
  <system-out/>
</testsuite> <!-- Campaign.CreateCampaignTest -->
