<?xml version="1.0" encoding="UTF-8"?>
<!-- Generated by org.testng.reporters.JUnitReportReporter -->
<testsuite hostname="DESKTOP-T5380G9" failures="0" tests="1" name="testNgPractice.Flipkart2Test" time="8.176" errors="0" timestamp="2024-08-31T10:56:50 IST" skipped="0">
  <testcase classname="testNgPractice.Flipkart2Test" name="flipkart2" time="8.176"/>
  <system-out/>
</testsuite> <!-- testNgPractice.Flipkart2Test -->
