<?xml version="1.0" encoding="UTF-8"?>
<!-- Generated by org.testng.reporters.JUnitReportReporter -->
<testsuite hostname="DESKTOP-T5380G9" failures="0" tests="1" name="testNgPractice.HandlingAutoSuggestionEx1Test" time="8.157" errors="0" timestamp="2024-08-31T10:50:20 IST" skipped="0">
  <testcase classname="testNgPractice.HandlingAutoSuggestionEx1Test" name="suggestion" time="8.157"/>
  <system-out/>
</testsuite> <!-- testNgPractice.HandlingAutoSuggestionEx1Test -->
