<?xml version="1.0" encoding="UTF-8"?>
<!-- Generated by org.testng.reporters.JUnitReportReporter -->
<testsuite hostname="DESKTOP-T5380G9" failures="0" tests="1" name="AdvancedScenarios.KeysBigbasketExTest" time="13.396" errors="0" timestamp="2024-09-02T10:21:34 IST" skipped="0">
  <testcase classname="AdvancedScenarios.KeysBigbasketExTest" name="keysBigbasket" time="13.396"/>
  <system-out/>
</testsuite> <!-- AdvancedScenarios.KeysBigbasketExTest -->
