<?xml version="1.0" encoding="UTF-8"?>
<!-- Generated by org.testng.reporters.JUnitReportReporter -->
<testsuite hostname="DESKTOP-T5380G9" failures="0" tests="1" name="AdvancedScenarios.HandlingAutoSuggestionEx1Test" time="7.949" errors="0" timestamp="2024-09-02T10:37:44 IST" skipped="0">
  <testcase classname="AdvancedScenarios.HandlingAutoSuggestionEx1Test" name="suggestion" time="7.949"/>
  <system-out/>
</testsuite> <!-- AdvancedScenarios.HandlingAutoSuggestionEx1Test -->
