<?xml version="1.0" encoding="UTF-8"?>
<!-- Generated by org.testng.reporters.JUnitReportReporter -->
<testsuite hostname="DESKTOP-T5380G9" failures="0" tests="1" name="demo.Flipkart2Test" time="9.929" errors="0" timestamp="2024-09-02T10:37:44 IST" skipped="0">
  <testcase classname="demo.Flipkart2Test" name="flipkart2" time="9.929"/>
  <system-out/>
</testsuite> <!-- demo.Flipkart2Test -->
