<?xml version="1.0" encoding="UTF-8"?>
<!-- Generated by org.testng.reporters.JUnitReportReporter -->
<testsuite hostname="DESKTOP-T5380G9" failures="0" tests="1" name="testNgPractice.TakingScreenShot" time="5.279" errors="0" timestamp="2024-12-07T12:54:35 IST" skipped="0">
  <testcase classname="testNgPractice.TakingScreenShot" name="m1" time="5.279"/>
  <system-out/>
</testsuite> <!-- testNgPractice.TakingScreenShot -->
