<?xml version="1.0" encoding="UTF-8"?>
<!-- Generated by org.testng.reporters.JUnitReportReporter -->
<testsuite hostname="DESKTOP-T5380G9" failures="0" tests="1" name="testNgPractice.AuthenticationPopupTest" time="4.984" errors="0" timestamp="2024-08-31T10:48:13 IST" skipped="0">
  <testcase classname="testNgPractice.AuthenticationPopupTest" name="authenticationPopupTest" time="4.984"/>
  <system-out/>
</testsuite> <!-- testNgPractice.AuthenticationPopupTest -->
