<?xml version="1.0" encoding="UTF-8"?>
<!-- Generated by org.testng.reporters.JUnitReportReporter -->
<testsuite hostname="DESKTOP-T5380G9" failures="0" tests="1" name="AdvancedScenarios.HandlingSVGElementsEx2Test" time="20.593" errors="0" timestamp="2024-09-01T22:40:16 IST" skipped="0">
  <testcase classname="AdvancedScenarios.HandlingSVGElementsEx2Test" name="handlingSVGElements" time="20.593"/>
  <system-out/>
</testsuite> <!-- AdvancedScenarios.HandlingSVGElementsEx2Test -->
