<?xml version="1.0" encoding="UTF-8"?>
<!-- Generated by org.testng.reporters.JUnitReportReporter -->
<testsuite hostname="DESKTOP-T5380G9" failures="0" tests="1" name="testNgPractice.HandlingDropDownUsingKeysClassTest" time="6.180" errors="0" timestamp="2024-08-31T10:52:31 IST" skipped="0">
  <testcase classname="testNgPractice.HandlingDropDownUsingKeysClassTest" name="handlingDropDownUsingKeysClass" time="6.180"/>
  <system-out/>
</testsuite> <!-- testNgPractice.HandlingDropDownUsingKeysClassTest -->
