<?xml version="1.0" encoding="UTF-8"?>
<!-- Generated by org.testng.reporters.JUnitReportReporter -->
<testsuite hostname="DESKTOP-T5380G9" failures="0" tests="5" name="testNgPractice.SampleTest" time="0.010" errors="0" timestamp="2024-09-01T22:29:16 IST" skipped="0">
  <testcase classname="testNgPractice.SampleTest" name="createContact" time="0.009"/>
  <system-out/>
  <testcase classname="testNgPractice.SampleTest" name="createContact" time="0.000"/>
  <system-out/>
  <testcase classname="testNgPractice.SampleTest" name="modifyContact" time="0.001"/>
  <system-out/>
  <testcase classname="testNgPractice.SampleTest" name="deleteContact" time="0.000"/>
  <system-out/>
  <testcase classname="testNgPractice.SampleTest" name="createContact" time="0.000"/>
  <system-out/>
</testsuite> <!-- testNgPractice.SampleTest -->
