<?xml version="1.0" encoding="UTF-8"?>
<!-- Generated by org.testng.reporters.JUnitReportReporter -->
<testsuite hostname="DESKTOP-T5380G9" failures="0" tests="1" name="testNgPractice.AlertPopupExTest" time="6.182" errors="0" timestamp="2024-08-31T10:46:00 IST" skipped="0">
  <testcase classname="testNgPractice.AlertPopupExTest" name="alertPopupExTest" time="6.182"/>
  <system-out/>
</testsuite> <!-- testNgPractice.AlertPopupExTest -->
