<?xml version="1.0" encoding="UTF-8"?>
<!-- Generated by org.testng.reporters.JUnitReportReporter -->
<testsuite hostname="DESKTOP-T5380G9" failures="0" tests="1" name="testNgPractice.AbsoluteXpathTest" time="2.991" errors="0" timestamp="2024-08-31T10:54:39 IST" skipped="0">
  <testcase classname="testNgPractice.AbsoluteXpathTest" name="absolutexpath" time="2.991"/>
  <system-out/>
</testsuite> <!-- testNgPractice.AbsoluteXpathTest -->
