<?xml version="1.0" encoding="UTF-8"?>
<!-- Generated by org.testng.reporters.JUnitReportReporter -->
<testsuite hostname="DESKTOP-T5380G9" failures="0" tests="1" name="Popups.AlertPopupExTest" time="5.044" errors="0" timestamp="2024-09-02T10:37:44 IST" skipped="0">
  <testcase classname="Popups.AlertPopupExTest" name="alertPopupExTest" time="5.044"/>
  <system-out/>
</testsuite> <!-- Popups.AlertPopupExTest -->
