<?xml version="1.0" encoding="UTF-8"?>
<!-- Generated by org.testng.reporters.JUnitReportReporter -->
<testsuite hostname="DESKTOP-T5380G9" failures="0" tests="2" name="testNgPractice.HardAssertEx" time="0.014" errors="0" timestamp="2024-09-02T10:47:02 IST" skipped="0">
  <testcase classname="testNgPractice.HardAssertEx" name="m2" time="0.001"/>
  <system-out/>
  <testcase classname="testNgPractice.HardAssertEx" name="m1" time="0.013"/>
  <system-out/>
</testsuite> <!-- testNgPractice.HardAssertEx -->
